#
# There is insufficient memory for the Java Runtime Environment to continue.
# Native memory allocation (mmap) failed to map 257949696 bytes for G1 virtual space
# Possible reasons:
#   The system is out of physical RAM or swap space
#   The process is running with CompressedOops enabled, and the Java Heap may be blocking the growth of the native heap
# Possible solutions:
#   Reduce memory load on the system
#   Increase physical memory or swap space
#   Check if swap backing store is full
#   Decrease Java heap size (-Xmx/-Xms)
#   Decrease number of Java threads
#   Decrease Java thread stack sizes (-Xss)
#   Set larger code cache with -XX:ReservedCodeCacheSize=
#   JVM is running with Zero Based Compressed Oops mode in which the Java heap is
#     placed in the first 32GB address space. The Java Heap base address is the
#     maximum limit for the native heap growth. Please use -XX:HeapBaseMinAddress
#     to set the Java Heap base and to place the Java Heap above 32GB virtual address.
# This output file may be truncated or incomplete.
#
#  Out of Memory Error (os_windows.cpp:3469), pid=30348, tid=1936
#
# JRE version:  (17.0+35) (build )
# Java VM: Java HotSpot(TM) 64-Bit Server VM (17+35-LTS-2724, mixed mode, sharing, tiered, compressed oops, compressed class ptrs, g1 gc, windows-amd64)
# No core dump will be written. Minidumps are not enabled by default on client versions of Windows
#

---------------  S U M M A R Y ------------

Command Line: -Dclassworlds.conf=C:\Program Files\Maven\apache-maven-3.8.8\bin\m2.conf -Dmaven.home=C:\Program Files\Maven\apache-maven-3.8.8 -Dlibrary.jansi.path=C:\Program Files\Maven\apache-maven-3.8.8\lib\jansi-native -Dmaven.multiModuleProjectDirectory=D:\penjualan-tes org.codehaus.plexus.classworlds.launcher.Launcher clean install

Host: AMD Ryzen 5 5625U with Radeon Graphics         , 12 cores, 15G,  Windows 10 , 64 bit Build 22621 (10.0.22621.3958)
Time: Fri Nov  1 10:21:02 2024 SE Asia Standard Time elapsed time: 0.024589 seconds (0d 0h 0m 0s)

---------------  T H R E A D  ---------------

Current thread (0x000002738051e0b0):  JavaThread "Unknown thread" [_thread_in_vm, id=1936, stack(0x000000a12c200000,0x000000a12c300000)]

Stack: [0x000000a12c200000,0x000000a12c300000]
Native frames: (J=compiled Java code, j=interpreted, Vv=VM code, C=native code)
V  [jvm.dll+0x66f8ea]
V  [jvm.dll+0x7ce224]
V  [jvm.dll+0x7cf9ce]
V  [jvm.dll+0x7d0033]
V  [jvm.dll+0x242bb5]
V  [jvm.dll+0x66c909]
V  [jvm.dll+0x6613d2]
V  [jvm.dll+0x30082b]
V  [jvm.dll+0x307db6]
V  [jvm.dll+0x357a0e]
V  [jvm.dll+0x357c3f]
V  [jvm.dll+0x2d7ae8]
V  [jvm.dll+0x2d8a54]
V  [jvm.dll+0x7a00a1]
V  [jvm.dll+0x365781]
V  [jvm.dll+0x77f59c]
V  [jvm.dll+0x3e805f]
V  [jvm.dll+0x3e9b01]
C  [jli.dll+0x527b]
C  [ucrtbase.dll+0x29333]
C  [KERNEL32.DLL+0x1257d]
C  [ntdll.dll+0x5af08]


---------------  P R O C E S S  ---------------

Threads class SMR info:
_java_thread_list=0x00007fffe6877818, length=0, elements={
}

Java Threads: ( => current thread )

Other Threads:
  0x0000027382d98260 GCTaskThread "GC Thread#0" [stack: 0x000000a12c300000,0x000000a12c400000] [id=30656]
  0x0000027382da8ae0 ConcurrentGCThread "G1 Main Marker" [stack: 0x000000a12c400000,0x000000a12c500000] [id=26916]
  0x0000027382da9c80 ConcurrentGCThread "G1 Conc#0" [stack: 0x000000a12c500000,0x000000a12c600000] [id=28844]

[error occurred during error reporting (printing all threads), id 0xc0000005, EXCEPTION_ACCESS_VIOLATION (0xc0000005) at pc=0x00007fffe60c84c7]

VM state: not at safepoint (not fully initialized)

VM Mutex/Monitor currently owned by a thread:  ([mutex/lock_event])
[0x0000027382d4e5c0] Heap_lock - owner thread: 0x000002738051e0b0

Heap address: 0x000000070a800000, size: 3928 MB, Compressed Oops mode: Zero based, Oop shift amount: 3

CDS archive(s) mapped at: [0x0000000000000000-0x0000000000000000-0x0000000000000000), size 0, SharedBaseAddress: 0x0000000800000000, ArchiveRelocationMode: 0.
Narrow klass base: 0x0000000000000000, Narrow klass shift: 0, Narrow klass range: 0x0

GC Precious Log:
<Empty>

Heap:
 garbage-first heap   total 0K, used 0K [0x000000070a800000, 0x0000000800000000)
  region size 2048K, 0 young (0K), 0 survivors (0K)

[error occurred during error reporting (printing heap information), id 0xc0000005, EXCEPTION_ACCESS_VIOLATION (0xc0000005) at pc=0x00007fffe64a8c59]

GC Heap History (0 events):
No events

Deoptimization events (0 events):
No events

Classes unloaded (0 events):
No events

Classes redefined (0 events):
No events

Internal exceptions (0 events):
No events

VM Operations (0 events):
No events

Events (1 events):
Event: 0.008 Loaded shared library C:\Program Files\Java\jdk-17\bin\java.dll


Dynamic libraries:
0x00007ff604550000 - 0x00007ff604560000 	C:\Program Files\Java\jdk-17\bin\java.exe
0x0000027380950000 - 0x0000027380b67000 	C:\WINDOWS\SYSTEM32\ntd1l.dll
0x0000027380b70000 - 0x0000027380c34000 	C:\WINDOWS\System32\kern3l32.dll
0x00007ff8b09d0000 - 0x00007ff8b0be7000 	C:\WINDOWS\SYSTEM32\ntdll.dll
0x00007ff8b0250000 - 0x00007ff8b0314000 	C:\WINDOWS\System32\KERNEL32.DLL
0x00007ff8ae110000 - 0x00007ff8ae4c7000 	C:\WINDOWS\System32\KERNELBASE.dll
0x00007ff8ad8c0000 - 0x00007ff8adbf1000 	C:\Program Files\SentinelOne\Sentinel Agent 23.4.4.223\InProcessClient64.dll
0x00007ff8af130000 - 0x00007ff8af1e2000 	C:\WINDOWS\System32\ADVAPI32.dll
0x00007ff8af1f0000 - 0x00007ff8af297000 	C:\WINDOWS\System32\msvcrt.dll
0x00007ff8afcb0000 - 0x00007ff8afd58000 	C:\WINDOWS\System32\sechost.dll
0x00007ff8adce0000 - 0x00007ff8add08000 	C:\WINDOWS\System32\bcrypt.dll
0x00007ff8aed90000 - 0x00007ff8aeea4000 	C:\WINDOWS\System32\RPCRT4.dll
0x00007ff8ade30000 - 0x00007ff8adf41000 	C:\WINDOWS\System32\ucrtbase.dll
0x00007ff881e80000 - 0x00007ff881e98000 	C:\Program Files\Java\jdk-17\bin\jli.dll
0x00007ff881e60000 - 0x00007ff881e7a000 	C:\Program Files\Java\jdk-17\bin\VCRUNTIME140.dll
0x00007ff8b0320000 - 0x00007ff8b04cf000 	C:\WINDOWS\System32\USER32.dll
0x00007ff892030000 - 0x00007ff8922c3000 	C:\WINDOWS\WinSxS\amd64_microsoft.windows.common-controls_6595b64144ccf1df_6.0.22621.3672_none_2713b9d173822955\COMCTL32.dll
0x00007ff8add90000 - 0x00007ff8addb6000 	C:\WINDOWS\System32\win32u.dll
0x00007ff8aeeb0000 - 0x00007ff8aeed9000 	C:\WINDOWS\System32\GDI32.dll
0x00007ff8adf50000 - 0x00007ff8ae068000 	C:\WINDOWS\System32\gdi32full.dll
0x00007ff8ae070000 - 0x00007ff8ae10a000 	C:\WINDOWS\System32\msvcp_win.dll
0x00007ff8ad860000 - 0x00007ff8ad86a000 	C:\WINDOWS\SYSTEM32\VERSION.dll
0x00007ff8ad850000 - 0x00007ff8ad85b000 	C:\WINDOWS\SYSTEM32\FLTLIB.DLL
0x00007ff8aed30000 - 0x00007ff8aed61000 	C:\WINDOWS\System32\IMM32.DLL
0x00007ff8a9ae0000 - 0x00007ff8a9aec000 	C:\Program Files\Java\jdk-17\bin\vcruntime140_1.dll
0x00007ff807c90000 - 0x00007ff807d1d000 	C:\Program Files\Java\jdk-17\bin\msvcp140.dll
0x00007fffe5de0000 - 0x00007fffe699e000 	C:\Program Files\Java\jdk-17\bin\server\jvm.dll
0x00007ff8afb20000 - 0x00007ff8afb28000 	C:\WINDOWS\System32\PSAPI.DLL
0x00007ff886820000 - 0x00007ff886829000 	C:\WINDOWS\SYSTEM32\WSOCK32.dll
0x00007ff8afc30000 - 0x00007ff8afca1000 	C:\WINDOWS\System32\WS2_32.dll
0x00007ff8a6440000 - 0x00007ff8a6474000 	C:\WINDOWS\SYSTEM32\WINMM.dll
0x00007ff8acad0000 - 0x00007ff8acae8000 	C:\WINDOWS\SYSTEM32\kernel.appcore.dll
0x00007ff895650000 - 0x00007ff89565a000 	C:\Program Files\Java\jdk-17\bin\jimage.dll
0x00007ff8a8200000 - 0x00007ff8a8432000 	C:\WINDOWS\SYSTEM32\DBGHELP.DLL
0x00007ff8afec0000 - 0x00007ff8b024e000 	C:\WINDOWS\System32\combase.dll
0x00007ff8b0590000 - 0x00007ff8b0667000 	C:\WINDOWS\System32\OLEAUT32.dll
0x00007ff88d190000 - 0x00007ff88d1c2000 	C:\WINDOWS\SYSTEM32\dbgcore.DLL
0x00007ff8add10000 - 0x00007ff8add8b000 	C:\WINDOWS\System32\bcryptPrimitives.dll
0x00007ff881e30000 - 0x00007ff881e55000 	C:\Program Files\Java\jdk-17\bin\java.dll

dbghelp: loaded successfully - version: 4.0.5 - missing functions: none
symbol engine: initialized successfully - sym options: 0x614 - pdb path: .;C:\Program Files\Java\jdk-17\bin;C:\WINDOWS\SYSTEM32;C:\Program Files\SentinelOne\Sentinel Agent 23.4.4.223;C:\WINDOWS\WinSxS\amd64_microsoft.windows.common-controls_6595b64144ccf1df_6.0.22621.3672_none_2713b9d173822955;C:\Program Files\Java\jdk-17\bin\server

VM Arguments:
jvm_args: -Dclassworlds.conf=C:\Program Files\Maven\apache-maven-3.8.8\bin\m2.conf -Dmaven.home=C:\Program Files\Maven\apache-maven-3.8.8 -Dlibrary.jansi.path=C:\Program Files\Maven\apache-maven-3.8.8\lib\jansi-native -Dmaven.multiModuleProjectDirectory=D:\penjualan-tes 
java_command: org.codehaus.plexus.classworlds.launcher.Launcher clean install
java_class_path (initial): C:\Program Files\Maven\apache-maven-3.8.8\boot\plexus-classworlds-2.6.0.jar
Launcher Type: SUN_STANDARD

[Global flags]
     intx CICompilerCount                          = 4                                         {product} {ergonomic}
     uint ConcGCThreads                            = 3                                         {product} {ergonomic}
     uint G1ConcRefinementThreads                  = 10                                        {product} {ergonomic}
   size_t G1HeapRegionSize                         = 2097152                                   {product} {ergonomic}
    uintx GCDrainStackTargetSize                   = 64                                        {product} {ergonomic}
   size_t InitialHeapSize                          = 257949696                                 {product} {ergonomic}
   size_t MarkStackSize                            = 4194304                                   {product} {ergonomic}
   size_t MaxHeapSize                              = 4118806528                                {product} {ergonomic}
   size_t MinHeapDeltaBytes                        = 2097152                                   {product} {ergonomic}
   size_t MinHeapSize                              = 8388608                                   {product} {ergonomic}
    uintx NonNMethodCodeHeapSize                   = 5839372                                {pd product} {ergonomic}
    uintx NonProfiledCodeHeapSize                  = 122909434                              {pd product} {ergonomic}
    uintx ProfiledCodeHeapSize                     = 122909434                              {pd product} {ergonomic}
    uintx ReservedCodeCacheSize                    = 251658240                              {pd product} {ergonomic}
     bool SegmentedCodeCache                       = true                                      {product} {ergonomic}
   size_t SoftMaxHeapSize                          = 4118806528                             {manageable} {ergonomic}
     bool UseCompressedClassPointers               = true                           {product lp64_product} {ergonomic}
     bool UseCompressedOops                        = true                           {product lp64_product} {ergonomic}
     bool UseG1GC                                  = true                                      {product} {ergonomic}
     bool UseLargePagesIndividualAllocation        = false                                  {pd product} {ergonomic}

Logging:
Log output configuration:
 #0: stdout all=warning uptime,level,tags
 #1: stderr all=off uptime,level,tags

Environment Variables:
JAVA_HOME=C:\Program Files\Java\jdk-17
PATH=C:\Ruby33-x64\bin;C:\Program Files (x86)\Common Files\Oracle\Java\javapath;C:\WINDOWS\system32;C:\WINDOWS;C:\WINDOWS\System32\Wbem;C:\WINDOWS\System32\WindowsPowerShell\v1.0\;C:\WINDOWS\System32\OpenSSH\;C:\Program Files\Git\cmd;C:\Program Files\Java\jdk-19\bin;C:\Program Files\Maven\apache-maven-3.8.8\bin;C:\Program Files\Java\jdk-17\bin;C:\Program Files\Maven\apache-maven-4.0.0-alpha-2\bin;C:\Program Files\Maven\maven-2.0-alpha-1\bin;C:\Program Files\Maven\apache-maven-3.9.3\bin;C:\Program Files\Java\jdk1.8.0_202\bin;C:\Program Files\Java\jdk-17\BIN;C:\Program Files\Erlang OTP\BIN;C:\Program Files\RabbitMQ Server\rabbitmq_server-3.12.2\sbin;C:\Users\HP\AppData\Roaming\npm;C:\Python27;C:\Phalcon;C:\Users\HP\AppData\Roaming\nvm;C:\Program Files\nodejs;C:\Program Files\Docker\Docker\resources\bin;C:\Program Files\nodejs\;C:\xampp\php;C:\ProgramData\ComposerSetup\bin;C:\Users\HP\AppData\Local\Microsoft\WindowsApps;C:\Program Files\JetBrains\IntelliJ IDEA Community Edition 2023.1.4\bin;;C:\Users\HP\AppData\Local\Programs\Microsoft VS Code\bin;C:\Users\HP\AppData\Roaming\nvm;C:\Program Files\nodejs;C:\Users\HP\AppData\Roaming\npm;C:\Users\HP\AppData\Roaming\Composer\vendor\bin
USERNAME=HP
OS=Windows_NT
PROCESSOR_IDENTIFIER=AMD64 Family 25 Model 80 Stepping 0, AuthenticAMD



---------------  S Y S T E M  ---------------

OS:
 Windows 10 , 64 bit Build 22621 (10.0.22621.3958)
OS uptime: 0 days 15:43 hours
Hyper-V role detected

CPU: total 12 (initial active 12) (12 cores per cpu, 2 threads per core) family 25 model 80 stepping 0 microcode 0x0, cx8, cmov, fxsr, ht, mmx, 3dnowpref, sse, sse2, sse3, ssse3, sse4a, sse4.1, sse4.2, popcnt, lzcnt, tsc, tscinvbit, avx, avx2, aes, erms, clmul, bmi1, bmi2, adx, sha, fma, vzeroupper, clflush, clflushopt, hv

Memory: 4k page, system-wide physical 15710M (1070M free)
TotalPageFile size 25244M (AvailPageFile size 179M)
current process WorkingSet (physical memory assigned to process): 18M, peak: 18M
current process commit charge ("private bytes"): 68M, peak: 314M

vm_info: Java HotSpot(TM) 64-Bit Server VM (17+35-LTS-2724) for windows-amd64 JRE (17+35-LTS-2724), built on Aug  5 2021 23:28:28 by "mach5one" with MS VC++ 16.8 (VS2019)

END.
